<?xml version="1.0" encoding="UTF-8"?>
<!-- Generated by org.testng.reporters.JUnitReportReporter -->
<testsuite skipped="0" hostname="LAPTOP-3HEBJJDO" name="QAGuru.MavenDemo.Class5Sept_2" tests="3" failures="0" timestamp="11 Sep 2020 17:08:06 GMT" time="27.284" errors="0">
  <testcase name="OneTestMethod" time="7.042" classname="QAGuru.MavenDemo.Class5Sept_2"/>
  <testcase name="viewPost" time="9.641" classname="QAGuru.MavenDemo.Class5Sept_2"/>
  <testcase name="viewPost2" time="10.601" classname="QAGuru.MavenDemo.Class5Sept_2"/>
</testsuite> <!-- QAGuru.MavenDemo.Class5Sept_2 -->
