<?xml version="1.0" encoding="UTF-8"?>
<!-- Generated by org.testng.reporters.JUnitReportReporter -->
<testsuite skipped="0" hostname="DESKTOP-EP17RE8" name="QAGuru.MavenDemo.BrowserCapabilities" tests="1" failures="0" timestamp="06 Sep 2020 21:04:47 GMT" time="16.495" errors="0">
  <testcase name="doLogin" time="16.495" classname="QAGuru.MavenDemo.BrowserCapabilities"/>
</testsuite> <!-- QAGuru.MavenDemo.BrowserCapabilities -->
